<?xml version="1.0" encoding="UTF-8"?>
<Site BuildName="(empty)"
	BuildStamp="20230913-0826-Experimental"
	Name="sanskar-VivoBook-ASUSLaptop-X513UA-KM513UA"
	Generator="ctest-3.20.0"
	CompilerName="/usr/bin/g++"
	CompilerVersion="9.4.0"
	OSName="Linux"
	Hostname="sanskar-VivoBook-ASUSLaptop-X513UA-KM513UA"
	OSRelease="5.15.0-83-generic"
	OSVersion="#92~20.04.1-Ubuntu SMP Mon Aug 21 14:00:49 UTC 2023"
	OSPlatform="x86_64"
	Is64Bits="1"
	VendorString="AuthenticAMD"
	VendorID="Advanced Micro Devices"
	FamilyID="23"
	ModelID="104"
	ProcessorCacheSize="512"
	NumberOfLogicalCPU="16"
	NumberOfPhysicalCPU="8"
	TotalVirtualMemory="2047"
	TotalPhysicalMemory="15364"
	LogicalProcessorsPerPhysical="2"
	ProcessorClockFrequency="2459.03"
	>
	<Testing>
		<StartDateTime>Sep 13 14:51 IST</StartDateTime>
		<StartTestTime>1694596887</StartTestTime>
		<TestList/>
		<EndDateTime>Sep 13 14:51 IST</EndDateTime>
		<EndTestTime>1694596887</EndTestTime>
		<ElapsedMinutes>0</ElapsedMinutes>
	</Testing>
</Site>
