<?xml version="1.0" encoding="UTF-8"?>
<Site BuildName="(empty)"
	BuildStamp="20231014-2246-Experimental"
	Name="sanskar-VivoBook-ASUSLaptop-X513UA-KM513UA"
	Generator="ctest-3.20.0"
	CompilerName="/usr/bin/g++"
	CompilerVersion="9.4.0"
	OSName="Linux"
	Hostname="sanskar"
	OSRelease="5.15.0-84-generic"
	OSVersion="#93~20.04.1-Ubuntu SMP Wed Sep 6 16:15:40 UTC 2023"
	OSPlatform="x86_64"
	Is64Bits="1"
	VendorString="AuthenticAMD"
	VendorID="Advanced Micro Devices"
	FamilyID="23"
	ModelID="104"
	ProcessorCacheSize="512"
	NumberOfLogicalCPU="16"
	NumberOfPhysicalCPU="8"
	TotalVirtualMemory="2047"
	TotalPhysicalMemory="15364"
	LogicalProcessorsPerPhysical="2"
	ProcessorClockFrequency="2918.31"
	>
	<Testing>
		<StartDateTime>Oct 15 04:16 IST</StartDateTime>
		<StartTestTime>1697323608</StartTestTime>
		<TestList/>
		<EndDateTime>Oct 15 04:16 IST</EndDateTime>
		<EndTestTime>1697323608</EndTestTime>
		<ElapsedMinutes>0</ElapsedMinutes>
	</Testing>
</Site>
